2014/01/23 15:01:18 [C] Handler crashed with error runtime error: index out of range 
2014/01/23 15:01:18 [C] C:/Users/ADMINI~1/AppData/Local/Temp/2/bindist351444495/go/src/pkg/runtime/panic.c 248 
2014/01/23 15:01:18 [C] C:/Users/ADMINI~1/AppData/Local/Temp/2/bindist351444495/go/src/pkg/runtime/panic.c 478 
2014/01/23 15:01:18 [C] C:/Users/ADMINI~1/AppData/Local/Temp/2/bindist351444495/go/src/pkg/runtime/panic.c 433 
2014/01/23 15:01:18 [C] E:/mygo/src/github.com/astaxie/beego/router.go 386 
2014/01/23 15:01:18 [C] C:/Users/ADMINI~1/AppData/Local/Temp/2/bindist351444495/go/src/pkg/net/http/server.go 1595 
2014/01/23 15:01:18 [C] C:/Users/ADMINI~1/AppData/Local/Temp/2/bindist351444495/go/src/pkg/net/http/server.go 1165 
2014/01/23 15:01:18 [C] C:/Users/ADMINI~1/AppData/Local/Temp/2/bindist351444495/go/src/pkg/runtime/proc.c 1389 
2014/01/24 15:39:40 [E] Orange 内容管理系统 服务启动 
2014/01/24 15:43:36 [E] Orange 内容管理系统 服务启动 
2014/02/02 00:20:10 [E] Orange 内容管理系统 服务启动 
2014/02/02 01:11:03 [E] Orange 内容管理系统 服务启动 
2014/03/11 17:32:38 [E] Orange 内容管理系统 服务启动 
2014/03/11 17:34:33 [E] Orange 内容管理系统 服务启动 
2014/03/11 18:30:05 [E] Orange 内容管理系统 服务启动 
2014/03/11 18:31:40 [E] Orange 内容管理系统 服务启动 
2014/03/11 18:33:29 [E] Orange 内容管理系统 服务启动 
2014/03/11 18:35:07 [E] Orange 内容管理系统 服务启动 
2014/03/11 18:35:41 [E] Orange 内容管理系统 服务启动 
2014/03/11 18:36:52 [E] Orange 内容管理系统 服务启动 
2014/03/11 18:38:52 [E] Orange 内容管理系统 服务启动 
2014/03/11 18:42:23 [E] Orange 内容管理系统 服务启动 
2014/03/11 18:46:58 [E] Orange 内容管理系统 服务启动 
2014/03/11 18:50:03 [E] Orange 内容管理系统 服务启动 
2014/03/11 19:02:51 [E] Orange 内容管理系统 服务启动 
2014/03/11 19:10:10 [E] Orange 内容管理系统 服务启动 
2014/03/11 19:12:24 [E] Orange 内容管理系统 服务启动 
2014/03/11 19:13:48 [E] Orange 内容管理系统 服务启动 
2014/03/11 19:41:59 [E] Orange 内容管理系统 服务启动 
2014/03/11 19:44:04 [E] Orange 内容管理系统 服务启动 
2014/03/11 19:49:47 [E] Orange 内容管理系统 服务启动 
2014/03/11 19:50:44 [E] Orange 内容管理系统 服务启动 
2014/03/11 19:55:08 [E] Orange 内容管理系统 服务启动 
2014/03/11 19:56:50 [E] Orange 内容管理系统 服务启动 
2014/03/11 20:03:33 [E] Orange 内容管理系统 服务启动 
2014/03/11 20:05:41 [E] Orange 内容管理系统 服务启动 
2014/03/11 20:11:50 [E] Orange 内容管理系统 服务启动 
2014/03/12 09:23:53 [E] Orange 内容管理系统 服务启动 
2014/03/12 09:29:10 [E] Orange 内容管理系统 服务启动 
2014/03/12 09:31:08 [E] Orange 内容管理系统 服务启动 
2014/03/12 09:32:19 [E] Orange 内容管理系统 服务启动 
2014/03/12 09:35:13 [E] Orange 内容管理系统 服务启动 
2014/03/12 09:40:04 [E] Orange 内容管理系统 服务启动 
2014/03/12 09:40:56 [E] Orange 内容管理系统 服务启动 
2014/03/12 09:48:53 [E] Orange 内容管理系统 服务启动 
2014/03/12 09:49:13 [E] Orange 内容管理系统 服务启动 
2014/03/27 13:12:46 [E] Orange 内容管理系统 服务启动 
2014/03/27 13:13:24 [E] Orange 内容管理系统 服务启动 
2014/03/31 09:40:30 [E] Orange 内容管理系统 服务启动 
2014/04/23 12:19:27 [E] Orange 内容管理系统 服务启动 
2014/04/23 12:25:32 [E] Orange 内容管理系统 服务启动 
2014/04/23 12:27:50 [E] Orange 内容管理系统 服务启动 
2014/04/23 12:30:08 [E] Orange 内容管理系统 服务启动 
2014/04/23 12:31:00 [E] Orange 内容管理系统 服务启动 
2014/04/23 12:34:05 [E] Orange 内容管理系统 服务启动 
2014/04/23 12:37:09 [E] Orange 内容管理系统 服务启动 
2014/04/23 12:37:58 [E] Orange 内容管理系统 服务启动 
